<?xml version="1.0" encoding="UTF-8"?>
<!-- Generated by org.testng.reporters.JUnitXMLReporter -->
<testsuite ignored="0" hostname="DESKTOP-0HGQICU" failures="1" tests="1" name="Test" time="43.771" errors="0" timestamp="2026-08-06T16:36:45 IST">
  <testcase classname="testCase.TC4_Verify_Appointment_Limit" name="appoinment_limit" time="39.217">
    <failure type="java.lang.AssertionError" message="Test failed because: no such element: Unable to locate element: {&amp;quot;method&amp;quot;:&amp;quot;xpath&amp;quot;,&amp;quot;selector&amp;quot;:&amp;quot;//span[normalize-space()=&amp;apos;Appointment Confirmed!&amp;apos;]&amp;quot;}
  (Session info: MicrosoftEdge=150.0.4078.105)
For documentation on this error, please visit: https://www.selenium.dev/documentation/webdriver/troubleshooting/errors#nosuchelementexception
Build info: version: &amp;apos;4.45.0&amp;apos;, revision: &amp;apos;cd6a3cd cd6a3cdfca6970f62e5bc8344109d0fe0e2af05e&amp;apos;
System info: os.name: &amp;apos;Windows 10&amp;apos;, os.arch: &amp;apos;amd64&amp;apos;, os.version: &amp;apos;10.0&amp;apos;, java.version: &amp;apos;21.0.12&amp;apos;
Driver info: org.openqa.selenium.edge.EdgeDriver
Command: [9f76b15c0c03f7071b6c871ef61c44b6, findElement {using=xpath, value=//span[normalize-space()=&amp;apos;Appointment Confirmed!&amp;apos;]}]
Capabilities {acceptInsecureCerts: false, browserName: MicrosoftEdge, browserVersion: 150.0.4078.105, fedcm:accounts: true, goog:processID: 25992, ms:edgeOptions: {debuggerAddress: localhost:52412}, msedge: {msedgedriverVersion: 150.0.4078.110 (d4e51ea5b1a..., userDataDir: C:\Users\Admin\AppData\Loca...}, networkConnectionEnabled: false, pageLoadStrategy: normal, platformName: windows, proxy: Proxy(), se:cdp: ws://localhost:52412/devtoo..., se:cdpVersion: 150.0.4078.105, setWindowRect: true, strictFileInteractability: false, timeouts: {implicit: 0, pageLoad: 300000, script: 30000}, unhandledPromptBehavior: dismiss and notify, webauthn:extension:credBlob: true, webauthn:extension:largeBlob: true, webauthn:extension:minPinLength: true, webauthn:extension:prf: true, webauthn:virtualAuthenticators: true}
Session ID: 9f76b15c0c03f7071b6c871ef61c44b6">
      <![CDATA[java.lang.AssertionError: Test failed because: no such element: Unable to locate element: {"method":"xpath","selector":"//span[normalize-space()='Appointment Confirmed!']"}
  (Session info: MicrosoftEdge=150.0.4078.105)
For documentation on this error, please visit: https://www.selenium.dev/documentation/webdriver/troubleshooting/errors#nosuchelementexception
Build info: version: '4.45.0', revision: 'cd6a3cd cd6a3cdfca6970f62e5bc8344109d0fe0e2af05e'
System info: os.name: 'Windows 10', os.arch: 'amd64', os.version: '10.0', java.version: '21.0.12'
Driver info: org.openqa.selenium.edge.EdgeDriver
Command: [9f76b15c0c03f7071b6c871ef61c44b6, findElement {using=xpath, value=//span[normalize-space()='Appointment Confirmed!']}]
Capabilities {acceptInsecureCerts: false, browserName: MicrosoftEdge, browserVersion: 150.0.4078.105, fedcm:accounts: true, goog:processID: 25992, ms:edgeOptions: {debuggerAddress: localhost:52412}, msedge: {msedgedriverVersion: 150.0.4078.110 (d4e51ea5b1a..., userDataDir: C:\Users\Admin\AppData\Loca...}, networkConnectionEnabled: false, pageLoadStrategy: normal, platformName: windows, proxy: Proxy(), se:cdp: ws://localhost:52412/devtoo..., se:cdpVersion: 150.0.4078.105, setWindowRect: true, strictFileInteractability: false, timeouts: {implicit: 0, pageLoad: 300000, script: 30000}, unhandledPromptBehavior: dismiss and notify, webauthn:extension:credBlob: true, webauthn:extension:largeBlob: true, webauthn:extension:minPinLength: true, webauthn:extension:prf: true, webauthn:virtualAuthenticators: true}
Session ID: 9f76b15c0c03f7071b6c871ef61c44b6
at flows.BookingFlow.bookAppointment(BookingFlow.java:86)
at testCase.TC4_Verify_Appointment_Limit.appoinment_limit(TC4_Verify_Appointment_Limit.java:22)
at java.base/java.util.ArrayList.forEach(ArrayList.java:1596)
... Removed 26 stack frames]]>
    </failure>
  </testcase> <!-- appoinment_limit -->
</testsuite> <!-- Test -->
