<?xml version="1.0" encoding="UTF-8"?>
<!-- Generated by org.testng.reporters.JUnitXMLReporter -->
<testsuite ignored="0" hostname="DESKTOP-0HGQICU" failures="1" tests="1" name="Test" time="61.545" errors="0" timestamp="2026-08-06T21:59:18 IST">
  <testcase classname="testCase.TC4_Verify_Appointment_Limit" name="appoinment_limit" time="55.122">
    <failure type="java.lang.AssertionError" message="Test failed because: Index 0 out of bounds for length 0">
      <![CDATA[java.lang.AssertionError: Test failed because: Index 0 out of bounds for length 0
at flows.BookingFlow.bookAppointment(BookingFlow.java:86)
at testCase.TC4_Verify_Appointment_Limit.appoinment_limit(TC4_Verify_Appointment_Limit.java:23)
at java.base/java.util.ArrayList.forEach(ArrayList.java:1596)
... Removed 30 stack frames]]>
    </failure>
  </testcase> <!-- appoinment_limit -->
</testsuite> <!-- Test -->
